0 info it worked if it ends with ok
1 verbose cli [ 'C:\\Program Files\\nodejs\\node.exe',
1 verbose cli   'C:\\Program Files\\nodejs\\node_modules\\npm\\bin\\npm-cli.js',
1 verbose cli   'start' ]
2 info using npm@3.10.10
3 info using node@v6.11.3
4 verbose run-script [ 'prestart', 'start', 'poststart' ]
5 info lifecycle ytpp@1.0.0~prestart: ytpp@1.0.0
6 silly lifecycle ytpp@1.0.0~prestart: no script for prestart, continuing
7 info lifecycle ytpp@1.0.0~start: ytpp@1.0.0
8 verbose lifecycle ytpp@1.0.0~start: unsafe-perm in lifecycle true
9 verbose lifecycle ytpp@1.0.0~start: PATH: C:\Program Files\nodejs\node_modules\npm\bin\node-gyp-bin;C:\Users\forlo\Desktop\Coding\Javascript\Node\ytpp\node_modules\.bin;C:\Users\forlo\bin;C:\Program Files\Git\mingw64\bin;C:\Program Files\Git\usr\local\bin;C:\Program Files\Git\usr\bin;C:\Program Files\Git\usr\bin;C:\Program Files\Git\mingw64\bin;C:\Program Files\Git\usr\bin;C:\Users\forlo\bin;C:\Program Files (x86)\Common Files\Intel\Shared Libraries\redist\intel64\compiler;C:\Program Files (x86)\Intel\iCLS Client;C:\Program Files\Intel\iCLS Client;C:\Windows\system32;C:\Windows;C:\Windows\System32\Wbem;C:\Windows\System32\WindowsPowerShell\v1.0;C:\Program Files (x86)\NVIDIA Corporation\PhysX\Common;C:\Program Files (x86)\Intel\Intel(R) Management Engine Components\DAL;C:\Program Files\Intel\Intel(R) Management Engine Components\DAL;C:\Program Files (x86)\Intel\Intel(R) Management Engine Components\IPT;C:\Program Files\Intel\Intel(R) Management Engine Components\IPT;C:\Program Files\Intel\WiFi\bin;C:\Program Files\Common Files\Intel\WirelessCommon;C:\Program Files\Microsoft SQL Server\130\Tools\Binn;C:\Program Files\dotnet;C:\Program Files (x86)\GtkSharp\2.12\bin;C:\Program Files\Git\cmd;C:\Program Files\nodejs;C:\Program Files (x86)\OpenVPN\bin;C:\Go\bin;C:\Users\forlo\.cargo\bin;C:\Users\forlo\AppData\Local\Microsoft\WindowsApps;C:\Users\forlo\AppData\Local\atom\bin;C:\Users\forlo\AppData\Local\GitHubDesktop\bin;C:\Users\forlo\AppData\Roaming\npm;C:\Program Files\Git\usr\bin\vendor_perl;C:\Program Files\Git\usr\bin\core_perl
10 verbose lifecycle ytpp@1.0.0~start: CWD: C:\Users\forlo\Desktop\Coding\Javascript\Node\ytpp
11 silly lifecycle ytpp@1.0.0~start: Args: [ '/d /s /c', 'electron .' ]
12 silly lifecycle ytpp@1.0.0~start: Returned: code: 3221226505  signal: null
13 info lifecycle ytpp@1.0.0~start: Failed to exec start script
14 verbose stack Error: ytpp@1.0.0 start: `electron .`
14 verbose stack Exit status 3221226505
14 verbose stack     at EventEmitter.<anonymous> (C:\Program Files\nodejs\node_modules\npm\lib\utils\lifecycle.js:255:16)
14 verbose stack     at emitTwo (events.js:106:13)
14 verbose stack     at EventEmitter.emit (events.js:191:7)
14 verbose stack     at ChildProcess.<anonymous> (C:\Program Files\nodejs\node_modules\npm\lib\utils\spawn.js:40:14)
14 verbose stack     at emitTwo (events.js:106:13)
14 verbose stack     at ChildProcess.emit (events.js:191:7)
14 verbose stack     at maybeClose (internal/child_process.js:920:16)
14 verbose stack     at Process.ChildProcess._handle.onexit (internal/child_process.js:230:5)
15 verbose pkgid ytpp@1.0.0
16 verbose cwd C:\Users\forlo\Desktop\Coding\Javascript\Node\ytpp
17 error Windows_NT 10.0.14393
18 error argv "C:\\Program Files\\nodejs\\node.exe" "C:\\Program Files\\nodejs\\node_modules\\npm\\bin\\npm-cli.js" "start"
19 error node v6.11.3
20 error npm  v3.10.10
21 error code ELIFECYCLE
22 error ytpp@1.0.0 start: `electron .`
22 error Exit status 3221226505
23 error Failed at the ytpp@1.0.0 start script 'electron .'.
23 error Make sure you have the latest version of node.js and npm installed.
23 error If you do, this is most likely a problem with the ytpp package,
23 error not with npm itself.
23 error Tell the author that this fails on your system:
23 error     electron .
23 error You can get information on how to open an issue for this project with:
23 error     npm bugs ytpp
23 error Or if that isn't available, you can get their info via:
23 error     npm owner ls ytpp
23 error There is likely additional logging output above.
24 verbose exit [ 1, true ]
